# = Caracter
include = Identificador
< = OperadorRelacional
stdio = Identificador
. = Caracter
h = Identificador
> = OperadorRelacional
# = Caracter
include = Identificador
< = OperadorRelacional
math = Identificador
. = Caracter
h = Identificador
> = OperadorRelacional
# = Caracter
include = Identificador
< = OperadorRelacional
stdio = Identificador
> = OperadorRelacional
# = Caracter
include = Identificador
< = OperadorRelacional
math = Identificador
> = OperadorRelacional
char = tipoDatos
a = Identificador
; = FinSentencia
int = tipoDatos
a = Identificador
, = Caracter
b = Identificador
, = Caracter
c = Identificador
, = Caracter
d = Identificador
, = Caracter
radio = Identificador
; = FinSentencia
float = tipoDatos
x = Identificador
, = Caracter
y = Identificador
, = Caracter
z = Identificador
; = FinSentencia
char = tipoDatos
w = Identificador
; = FinSentencia
void = Identificador
main = Identificador
( = Caracter
) = Caracter
{ = Inicio
printf = Identificador
( = Caracter
"\nHola mundo" = Cadena
) = Caracter
; = FinSentencia
printf = Identificador
( = Caracter
"\n============" = Cadena
) = Caracter
; = FinSentencia
printf = Identificador
( = Caracter
"\nRadio = " = Cadena
) = Caracter
; = FinSentencia
scanf = Identificador
( = Caracter
"%i" = Cadena
) = Caracter
; = FinSentencia
radio = Identificador
Error Sintaxis: Se espera un ,
